<?xml version="1.0" encoding="UTF-8"?>
<!-- Generated by org.testng.reporters.JUnitXMLReporter -->
<testsuite ignored="0" hostname="LAPTOP-FRGEB7TF" failures="1" tests="1" name="Test2" time="6.584" errors="0" timestamp="2024-07-17T02:17:32 IST">
  <testcase classname="SSquareIT.Framework.E2ETest" name="endToEndTest" time="6.523">
    <failure type="java.lang.AssertionError" message="expected [$196.00] but found [$3,332.00]">
      <![CDATA[java.lang.AssertionError: expected [$196.00] but found [$3,332.00]
at SSquareIT.Framework.E2ETest.endToEndTest(E2ETest.java:64)
at java.base/java.util.ArrayList.forEach(ArrayList.java:1511)
... Removed 33 stack frames]]>
    </failure>
  </testcase> <!-- endToEndTest -->
</testsuite> <!-- Test2 -->
